3    11.208: strclose: type=2 mode=1
3    11.208: closefile: fp=-1836217568
3    11.208: closefile_: path=data\Base_Station_20240520_082407.rtcm3
3    11.208: strclose: type=0 mode=3
3 no port to close stream: type=0
3    11.208: strclose: type=2 mode=2
3    11.208: closefile: fp=-1836217472
3    11.208: closefile_: path=data\Solution_%Y%m%d-%h%M%S.log
3    11.208: strclose: type=0 mode=2
3 no port to close stream: type=0
3    11.208: strclose: type=0 mode=2
3 no port to close stream: type=0
3    11.209: strclose: type=0 mode=2
3 no port to close stream: type=0
3    11.209: strclose: type=0 mode=2
3 no port to close stream: type=0
3 free_raw:
3 free_rtcm:
3 free_raw:
3 free_rtcm:
3 free_raw:
3 free_rtcm:
